-------------------------------------------------------------------------------
Test set: com.spring.bankingapp.BankingappApplicationTests
-------------------------------------------------------------------------------
Tests run: 1, Failures: 0, Errors: 1, Skipped: 0, Time elapsed: 7.638 s <<< FAILURE! - in com.spring.bankingapp.BankingappApplicationTests
contextLoads  Time elapsed: 0.021 s  <<< ERROR!
java.lang.IllegalStateException: Failed to load ApplicationContext
Caused by: org.springframework.beans.factory.BeanCreationException: 
Error creating bean with name 'entityManagerFactory' defined in class path resource [org/springframework/boot/autoconfigure/orm/jpa/HibernateJpaConfiguration.class]: Initialization of bean failed; nested exception is org.springframework.jdbc.datasource.init.ScriptStatementFailedException: Failed to execute SQL script statement #2 of URL [file:/C:/bankingapp/target/classes/data.sql]: INSERT INTO users (username, passsword) VALUES ('user1', '$2a$12$DDKbBljuUG.C8VQ8B6oymeGVE7eBmUgfJ6Sp7NiO0lv0tAKqqevqa'); nested exception is org.h2.jdbc.JdbcSQLSyntaxErrorException: Column "PASSSWORD" not found; SQL statement:
INSERT INTO users (username, passsword) VALUES ('user1', '$2a$12$DDKbBljuUG.C8VQ8B6oymeGVE7eBmUgfJ6Sp7NiO0lv0tAKqqevqa') [42122-200]
Caused by: org.springframework.jdbc.datasource.init.ScriptStatementFailedException: 
Failed to execute SQL script statement #2 of URL [file:/C:/bankingapp/target/classes/data.sql]: INSERT INTO users (username, passsword) VALUES ('user1', '$2a$12$DDKbBljuUG.C8VQ8B6oymeGVE7eBmUgfJ6Sp7NiO0lv0tAKqqevqa'); nested exception is org.h2.jdbc.JdbcSQLSyntaxErrorException: Column "PASSSWORD" not found; SQL statement:
INSERT INTO users (username, passsword) VALUES ('user1', '$2a$12$DDKbBljuUG.C8VQ8B6oymeGVE7eBmUgfJ6Sp7NiO0lv0tAKqqevqa') [42122-200]
Caused by: org.h2.jdbc.JdbcSQLSyntaxErrorException: 
Column "PASSSWORD" not found; SQL statement:
INSERT INTO users (username, passsword) VALUES ('user1', '$2a$12$DDKbBljuUG.C8VQ8B6oymeGVE7eBmUgfJ6Sp7NiO0lv0tAKqqevqa') [42122-200]

